{"total": {"lines":{"total":283,"covered":181,"skipped":0,"pct":63.95},"statements":{"total":283,"covered":181,"skipped":0,"pct":63.95},"functions":{"total":35,"covered":8,"skipped":0,"pct":22.85},"branches":{"total":24,"covered":23,"skipped":0,"pct":95.83},"branchesTrue":{"total":0,"covered":0,"skipped":0,"pct":100}}
,"/app/frontend/services/split.ts": {"lines":{"total":219,"covered":117,"skipped":0,"pct":53.42},"functions":{"total":31,"covered":4,"skipped":0,"pct":12.9},"statements":{"total":219,"covered":117,"skipped":0,"pct":53.42},"branches":{"total":4,"covered":4,"skipped":0,"pct":100}}
,"/app/frontend/services/users.ts": {"lines":{"total":41,"covered":41,"skipped":0,"pct":100},"functions":{"total":1,"covered":1,"skipped":0,"pct":100},"statements":{"total":41,"covered":41,"skipped":0,"pct":100},"branches":{"total":8,"covered":8,"skipped":0,"pct":100}}
,"/app/frontend/utils/format.ts": {"lines":{"total":23,"covered":23,"skipped":0,"pct":100},"functions":{"total":3,"covered":3,"skipped":0,"pct":100},"statements":{"total":23,"covered":23,"skipped":0,"pct":100},"branches":{"total":12,"covered":11,"skipped":0,"pct":91.66}}
}
