TN:
SF:services/split.ts
FN:12,fetchSplitGroups
FN:21,createSplitGroup
FN:27,fetchGroupSummary
FN:32,fetchGroupManage
FN:38,fetchSplitBalances
FN:43,fetchSplitActivity
FN:49,settlePayment
FN:58,partialSettle
FN:68,createSplitRazorpayOrder
FN:76,sendPaymentReminder
FN:82,fetchReminders
FN:87,dismissReminder
FN:92,coinRedeemPreview
FN:99,updateGroupName
FN:105,addGroupMember
FN:111,previewGroupForJoin
FN:116,joinGroup
FN:122,removeGroupMember
FN:127,leaveGroup
FN:132,deleteGroup
FN:138,createExpense
FN:144,updateExpense
FN:150,deleteExpense
FN:156,fetchSettlementLeaderboard
FN:161,fetchPayIntent
FN:166,settleWithRewards
FN:173,markPaidOffline
FN:195,createDraftExpense
FN:206,fetchDraftExpenses
FN:211,deleteDraftExpense
FN:215,attachDraftToGroup
FNF:31
FNH:4
FNDA:0,fetchSplitGroups
FNDA:0,createSplitGroup
FNDA:0,fetchGroupSummary
FNDA:0,fetchGroupManage
FNDA:0,fetchSplitBalances
FNDA:0,fetchSplitActivity
FNDA:0,settlePayment
FNDA:0,partialSettle
FNDA:0,createSplitRazorpayOrder
FNDA:0,sendPaymentReminder
FNDA:0,fetchReminders
FNDA:0,dismissReminder
FNDA:0,coinRedeemPreview
FNDA:0,updateGroupName
FNDA:0,addGroupMember
FNDA:0,previewGroupForJoin
FNDA:0,joinGroup
FNDA:0,removeGroupMember
FNDA:0,leaveGroup
FNDA:0,deleteGroup
FNDA:0,createExpense
FNDA:0,updateExpense
FNDA:0,deleteExpense
FNDA:0,fetchSettlementLeaderboard
FNDA:0,fetchPayIntent
FNDA:0,settleWithRewards
FNDA:0,markPaidOffline
FNDA:1,createDraftExpense
FNDA:1,fetchDraftExpenses
FNDA:1,deleteDraftExpense
FNDA:1,attachDraftToGroup
DA:1,1
DA:2,1
DA:3,1
DA:4,1
DA:5,1
DA:6,1
DA:7,1
DA:8,1
DA:9,1
DA:10,1
DA:11,1
DA:12,1
DA:13,0
DA:14,0
DA:15,1
DA:16,1
DA:17,1
DA:18,1
DA:19,1
DA:20,1
DA:21,1
DA:22,0
DA:23,0
DA:24,0
DA:25,0
DA:26,1
DA:27,1
DA:28,0
DA:29,0
DA:30,0
DA:31,1
DA:32,1
DA:33,0
DA:34,0
DA:35,0
DA:36,1
DA:37,1
DA:38,1
DA:39,0
DA:40,0
DA:41,0
DA:42,1
DA:43,1
DA:44,0
DA:45,0
DA:46,0
DA:47,1
DA:48,1
DA:49,1
DA:50,0
DA:51,0
DA:52,0
DA:53,0
DA:54,0
DA:55,0
DA:56,0
DA:57,1
DA:58,1
DA:59,0
DA:60,0
DA:61,0
DA:62,0
DA:63,0
DA:64,0
DA:65,0
DA:66,1
DA:67,1
DA:68,1
DA:69,0
DA:70,0
DA:71,0
DA:72,0
DA:73,0
DA:74,1
DA:75,1
DA:76,1
DA:77,0
DA:78,0
DA:79,0
DA:80,0
DA:81,1
DA:82,1
DA:83,0
DA:84,0
DA:85,0
DA:86,1
DA:87,1
DA:88,0
DA:89,0
DA:90,0
DA:91,1
DA:92,1
DA:93,0
DA:94,0
DA:95,0
DA:96,1
DA:97,1
DA:98,1
DA:99,1
DA:100,0
DA:101,0
DA:102,0
DA:103,0
DA:104,1
DA:105,1
DA:106,0
DA:107,0
DA:108,0
DA:109,0
DA:110,1
DA:111,1
DA:112,0
DA:113,0
DA:114,0
DA:115,1
DA:116,1
DA:117,0
DA:118,0
DA:119,0
DA:120,0
DA:121,1
DA:122,1
DA:123,0
DA:124,0
DA:125,0
DA:126,1
DA:127,1
DA:128,0
DA:129,0
DA:130,0
DA:131,1
DA:132,1
DA:133,0
DA:134,0
DA:135,0
DA:136,1
DA:137,1
DA:138,1
DA:139,0
DA:140,0
DA:141,0
DA:142,0
DA:143,1
DA:144,1
DA:145,0
DA:146,0
DA:147,0
DA:148,0
DA:149,1
DA:150,1
DA:151,0
DA:152,0
DA:153,0
DA:154,1
DA:155,1
DA:156,1
DA:157,0
DA:158,0
DA:159,0
DA:160,1
DA:161,1
DA:162,0
DA:163,0
DA:164,0
DA:165,1
DA:166,1
DA:167,0
DA:168,0
DA:169,0
DA:170,0
DA:171,0
DA:172,1
DA:173,1
DA:174,0
DA:175,0
DA:176,0
DA:177,0
DA:178,0
DA:179,0
DA:180,1
DA:181,1
DA:182,1
DA:183,1
DA:184,1
DA:185,1
DA:186,1
DA:187,1
DA:188,1
DA:189,1
DA:190,1
DA:191,1
DA:192,1
DA:193,1
DA:194,1
DA:195,1
DA:196,1
DA:197,1
DA:198,1
DA:199,1
DA:200,1
DA:201,1
DA:202,1
DA:203,1
DA:204,1
DA:205,1
DA:206,1
DA:207,1
DA:208,1
DA:209,1
DA:210,1
DA:211,1
DA:212,1
DA:213,1
DA:214,1
DA:215,1
DA:216,1
DA:217,1
DA:218,1
DA:219,1
LF:219
LH:117
BRDA:195,0,0,1
BRDA:206,1,0,1
BRDA:211,2,0,1
BRDA:215,3,0,1
BRF:4
BRH:4
end_of_record
TN:
SF:services/users.ts
FN:23,lookupUsersByPhones
FNF:1
FNH:1
FNDA:6,lookupUsersByPhones
DA:1,1
DA:2,1
DA:3,1
DA:4,1
DA:5,1
DA:6,1
DA:7,1
DA:8,1
DA:9,1
DA:10,1
DA:11,1
DA:12,1
DA:13,1
DA:14,1
DA:15,1
DA:16,1
DA:17,1
DA:18,1
DA:19,1
DA:20,1
DA:21,1
DA:22,1
DA:23,1
DA:24,6
DA:25,6
DA:26,6
DA:27,5
DA:28,5
DA:29,6
DA:30,7
DA:31,7
DA:32,7
DA:33,7
DA:34,7
DA:35,7
DA:36,1
DA:37,1
DA:38,1
DA:39,7
DA:40,5
DA:41,5
LF:41
LH:41
BRDA:23,0,0,6
BRDA:26,1,0,1
BRDA:27,2,0,5
BRDA:29,3,0,7
BRDA:33,4,0,6
BRDA:33,5,0,1
BRDA:35,6,0,1
BRDA:40,7,0,5
BRF:8
BRH:8
end_of_record
TN:
SF:utils/format.ts
FN:8,fmtINR
FN:14,fmtINRDecimal
FN:20,fmtCount
FNF:3
FNH:3
FNDA:11,fmtINR
FNDA:4,fmtINRDecimal
FNDA:4,fmtCount
DA:1,1
DA:2,1
DA:3,1
DA:4,1
DA:5,1
DA:6,1
DA:7,1
DA:8,1
DA:9,11
DA:10,11
DA:11,9
DA:12,9
DA:13,1
DA:14,1
DA:15,4
DA:16,4
DA:17,3
DA:18,3
DA:19,1
DA:20,1
DA:21,4
DA:22,4
DA:23,4
LF:23
LH:23
BRDA:8,0,0,11
BRDA:9,1,0,2
BRDA:10,2,0,2
BRDA:11,3,0,9
BRDA:14,4,0,4
BRDA:15,5,0,0
BRDA:16,6,0,1
BRDA:17,7,0,3
BRDA:20,8,0,4
BRDA:21,9,0,1
BRDA:21,10,0,3
BRDA:21,11,0,2
BRF:12
BRH:11
end_of_record
