<?xml version="1.0" encoding="utf-8"?><testsuites name="pytest tests"><testsuite name="pytest" errors="0" failures="0" skipped="0" tests="29" time="91.896" timestamp="2026-04-15T17:26:47.029685+00:00" hostname="agent-env-891878bf-7d71-467e-8ad5-049e6d338d9a"><testcase classname="backend.tests.test_comprehensive_mintu.TestSecurityHeaders" name="test_01_security_headers_present" time="0.480" /><testcase classname="backend.tests.test_comprehensive_mintu.TestOTPAuth" name="test_02_send_otp_existing_user" time="0.693" /><testcase classname="backend.tests.test_comprehensive_mintu.TestOTPAuth" name="test_03_verify_otp_existing_user" time="34.879" /><testcase classname="backend.tests.test_comprehensive_mintu.TestOTPAuth" name="test_04_password_login_fallback" time="1.315" /><testcase classname="backend.tests.test_comprehensive_mintu.TestOTPAuth" name="test_05_send_otp_user2" time="34.493" /><testcase classname="backend.tests.test_comprehensive_mintu.TestTransactions" name="test_06_create_debit_transaction" time="0.339" /><testcase classname="backend.tests.test_comprehensive_mintu.TestTransactions" name="test_07_get_transactions" time="0.245" /><testcase classname="backend.tests.test_comprehensive_mintu.TestTransactions" name="test_08_delete_transaction" time="0.230" /><testcase classname="backend.tests.test_comprehensive_mintu.TestTransactions" name="test_09_parse_sms" time="3.570" /><testcase classname="backend.tests.test_comprehensive_mintu.TestCashTracking" name="test_10_quick_cash_entry_auto" time="0.505" /><testcase classname="backend.tests.test_comprehensive_mintu.TestCashTracking" name="test_11_quick_cash_entry_sabzi" time="0.503" /><testcase classname="backend.tests.test_comprehensive_mintu.TestCashTracking" name="test_12_create_recurring_expense" time="0.170" /><testcase classname="backend.tests.test_comprehensive_mintu.TestCashTracking" name="test_13_get_recurring_expenses" time="0.267" /><testcase classname="backend.tests.test_comprehensive_mintu.TestCashTracking" name="test_14_apply_recurring_expenses" time="0.267" /><testcase classname="backend.tests.test_comprehensive_mintu.TestVoiceInput" name="test_15_voice_transcribe_endpoint_exists" time="0.282" /><testcase classname="backend.tests.test_comprehensive_mintu.TestInsights" name="test_16_get_daily_insights" time="7.547" /><testcase classname="backend.tests.test_comprehensive_mintu.TestInsights" name="test_17_get_weekly_insights" time="0.366" /><testcase classname="backend.tests.test_comprehensive_mintu.TestBudgets" name="test_18_create_budget" time="0.664" /><testcase classname="backend.tests.test_comprehensive_mintu.TestBudgets" name="test_19_get_budgets_with_spent" time="0.500" /><testcase classname="backend.tests.test_comprehensive_mintu.TestStats" name="test_20_get_stats_overview" time="0.399" /><testcase classname="backend.tests.test_comprehensive_mintu.TestFamilyGroups" name="test_21_create_family_group" time="0.227" /><testcase classname="backend.tests.test_comprehensive_mintu.TestFamilyGroups" name="test_22_add_family_member" time="0.306" /><testcase classname="backend.tests.test_comprehensive_mintu.TestFamilyGroups" name="test_23_get_my_family_groups" time="0.296" /><testcase classname="backend.tests.test_comprehensive_mintu.TestFamilyGroups" name="test_24_create_family_budget" time="0.305" /><testcase classname="backend.tests.test_comprehensive_mintu.TestFamilyGroups" name="test_25_get_family_budgets" time="0.362" /><testcase classname="backend.tests.test_comprehensive_mintu.TestFamilyGroups" name="test_26_get_family_summary" time="0.329" /><testcase classname="backend.tests.test_comprehensive_mintu.TestPrivacy" name="test_27_get_privacy_policy" time="0.367" /><testcase classname="backend.tests.test_comprehensive_mintu.TestPrivacy" name="test_28_get_data_export" time="0.229" /><testcase classname="backend.tests.test_comprehensive_mintu.TestRateLimiting" name="test_29_rate_limiting_works" time="1.509" /></testsuite></testsuites>