<?xml version="1.0" encoding="utf-8"?><testsuites name="pytest tests"><testsuite name="pytest" errors="0" failures="1" skipped="1" tests="16" time="27.046" timestamp="2026-04-15T16:10:45.479832+00:00" hostname="agent-env-891878bf-7d71-467e-8ad5-049e6d338d9a"><testcase classname="tests.test_otp_auth.TestOTPSendFlow" name="test_01_send_otp_existing_user" time="0.978" /><testcase classname="tests.test_otp_auth.TestOTPSendFlow" name="test_02_send_otp_new_user" time="0.947" /><testcase classname="tests.test_otp_auth.TestOTPSendFlow" name="test_03_send_otp_invalid_phone_short" time="0.247" /><testcase classname="tests.test_otp_auth.TestOTPSendFlow" name="test_04_send_otp_invalid_phone_letters" time="0.263" /><testcase classname="tests.test_otp_auth.TestOTPSendFlow" name="test_05_send_otp_rate_limiting" time="0.837" /><testcase classname="tests.test_otp_auth.TestOTPVerifyFlow" name="test_06_verify_otp_existing_user_correct" time="0.255"><failure message="assert 429 == 200&#10; +  where 429 = &lt;Response [429]&gt;.status_code">tests/test_otp_auth.py:123: in test_06_verify_otp_existing_user_correct
    assert send_response.status_code == 200
E   assert 429 == 200
E    +  where 429 = &lt;Response [429]&gt;.status_code</failure></testcase><testcase classname="tests.test_otp_auth.TestOTPVerifyFlow" name="test_07_verify_otp_wrong_code" time="3.772" /><testcase classname="tests.test_otp_auth.TestOTPVerifyFlow" name="test_08_verify_otp_max_attempts" time="6.978" /><testcase classname="tests.test_otp_auth.TestOTPVerifyFlow" name="test_09_verify_otp_expired" time="0.800" /><testcase classname="tests.test_otp_auth.TestOTPVerifyFlow" name="test_10_verify_otp_new_user_without_name" time="3.512" /><testcase classname="tests.test_otp_auth.TestOTPVerifyFlow" name="test_11_verify_otp_new_user_with_name" time="2.283" /><testcase classname="tests.test_otp_auth.TestOTPResend" name="test_12_resend_otp" time="1.433" /><testcase classname="tests.test_otp_auth.TestPasswordLoginFallback" name="test_13_password_login_fallback" time="2.365" /><testcase classname="tests.test_otp_auth.TestPasswordLoginFallback" name="test_14_password_login_wrong_credentials" time="1.518" /><testcase classname="tests.test_otp_auth.TestOTPTokenValidity" name="test_15_otp_token_api_access" time="0.001"><skipped type="pytest.skip" message="No OTP token available">/app/backend/tests/test_otp_auth.py:319: No OTP token available</skipped></testcase><testcase classname="tests.test_otp_auth.TestOTPTokenValidity" name="test_16_new_user_token_api_access" time="0.421" /></testsuite></testsuites>