<?xml version="1.0" encoding="utf-8"?><testsuites name="pytest tests"><testsuite name="pytest" errors="0" failures="0" skipped="0" tests="13" time="18.158" timestamp="2026-04-15T15:54:13.686859+00:00" hostname="agent-env-891878bf-7d71-467e-8ad5-049e6d338d9a"><testcase classname="test_mintu_apis.TestAuth" name="test_01_register_or_login" time="0.731" /><testcase classname="test_mintu_apis.TestAuth" name="test_02_get_user_profile" time="0.233" /><testcase classname="test_mintu_apis.TestTransactions" name="test_03_create_transaction_debit" time="0.194" /><testcase classname="test_mintu_apis.TestTransactions" name="test_04_create_transaction_credit" time="0.201" /><testcase classname="test_mintu_apis.TestTransactions" name="test_05_get_transactions" time="0.182" /><testcase classname="test_mintu_apis.TestTransactions" name="test_06_parse_sms" time="4.247" /><testcase classname="test_mintu_apis.TestTransactions" name="test_07_delete_transaction" time="0.263" /><testcase classname="test_mintu_apis.TestInsights" name="test_08_get_daily_insights" time="10.748" /><testcase classname="test_mintu_apis.TestBudgets" name="test_09_create_budget" time="0.246" /><testcase classname="test_mintu_apis.TestBudgets" name="test_10_get_budgets" time="0.225" /><testcase classname="test_mintu_apis.TestBudgets" name="test_11_update_budget" time="0.257" /><testcase classname="test_mintu_apis.TestBudgets" name="test_12_delete_budget" time="0.153" /><testcase classname="test_mintu_apis.TestStats" name="test_13_get_stats_overview" time="0.239" /></testsuite></testsuites>